This is pdfTeX, Version 3.141592653-2.6-1.40.25 (MiKTeX 24.1) (preloaded format=pdflatex 2025.8.10)  18 AUG 2025 17:57
entering extended mode
 restricted \write18 enabled.
 file:line:error style messages enabled.
 %&-line parsing enabled.
**c:/Users/Cyborg/Desktop/EN3160-Assignment-1/assignment_1/main.tex
(c:/Users/Cyborg/Desktop/EN3160-Assignment-1/assignment_1/main.tex
LaTeX2e <2023-11-01> patch level 1
L3 programming layer <2024-01-04>
(C:\Program Files\MiKTeX\tex/latex/base\article.cls
Document Class: article 2023/05/17 v1.4n Standard LaTeX document class
(C:\Program Files\MiKTeX\tex/latex/base\size10.clo
File: size10.clo 2023/05/17 v1.4n Standard LaTeX file (size option)
)
\c@part=\count187
\c@section=\count188
\c@subsection=\count189
\c@subsubsection=\count190
\c@paragraph=\count191
\c@subparagraph=\count192
\c@figure=\count193
\c@table=\count194
\abovecaptionskip=\skip48
\belowcaptionskip=\skip49
\bibindent=\dimen140
) (C:\Program Files\MiKTeX\tex/latex/base\inputenc.sty
Package: inputenc 2021/02/14 v1.3d Input encoding file
\inpenc@prehook=\toks17
\inpenc@posthook=\toks18
) (C:\Program Files\MiKTeX\tex/latex/amsmath\amsmath.sty
Package: amsmath 2023/05/13 v2.17o AMS math features
\@mathmargin=\skip50

For additional information on amsmath, use the `?' option.
(C:\Program Files\MiKTeX\tex/latex/amsmath\amstext.sty
Package: amstext 2021/08/26 v2.01 AMS text
 (C:\Program Files\MiKTeX\tex/latex/amsmath\amsgen.sty
File: amsgen.sty 1999/11/30 v2.0 generic functions
\@emptytoks=\toks19
\ex@=\dimen141
)) (C:\Program Files\MiKTeX\tex/latex/amsmath\amsbsy.sty
Package: amsbsy 1999/11/29 v1.2d Bold Symbols
\pmbraise@=\dimen142
) (C:\Program Files\MiKTeX\tex/latex/amsmath\amsopn.sty
Package: amsopn 2022/04/08 v2.04 operator names
)
\inf@bad=\count195
LaTeX Info: Redefining \frac on input line 234.
\uproot@=\count196
\leftroot@=\count197
LaTeX Info: Redefining \overline on input line 399.
LaTeX Info: Redefining \colon on input line 410.
\classnum@=\count198
\DOTSCASE@=\count199
LaTeX Info: Redefining \ldots on input line 496.
LaTeX Info: Redefining \dots on input line 499.
LaTeX Info: Redefining \cdots on input line 620.
\Mathstrutbox@=\box51
\strutbox@=\box52
LaTeX Info: Redefining \big on input line 722.
LaTeX Info: Redefining \Big on input line 723.
LaTeX Info: Redefining \bigg on input line 724.
LaTeX Info: Redefining \Bigg on input line 725.
\big@size=\dimen143
LaTeX Font Info:    Redeclaring font encoding OML on input line 743.
LaTeX Font Info:    Redeclaring font encoding OMS on input line 744.
\macc@depth=\count266
LaTeX Info: Redefining \bmod on input line 905.
LaTeX Info: Redefining \pmod on input line 910.
LaTeX Info: Redefining \smash on input line 940.
LaTeX Info: Redefining \relbar on input line 970.
LaTeX Info: Redefining \Relbar on input line 971.
\c@MaxMatrixCols=\count267
\dotsspace@=\muskip16
\c@parentequation=\count268
\dspbrk@lvl=\count269
\tag@help=\toks20
\row@=\count270
\column@=\count271
\maxfields@=\count272
\andhelp@=\toks21
\eqnshift@=\dimen144
\alignsep@=\dimen145
\tagshift@=\dimen146
\tagwidth@=\dimen147
\totwidth@=\dimen148
\lineht@=\dimen149
\@envbody=\toks22
\multlinegap=\skip51
\multlinetaggap=\skip52
\mathdisplay@stack=\toks23
LaTeX Info: Redefining \[ on input line 2953.
LaTeX Info: Redefining \] on input line 2954.
) (C:\Program Files\MiKTeX\tex/latex/amsfonts\amsfonts.sty
Package: amsfonts 2013/01/14 v3.01 Basic AMSFonts support
\symAMSa=\mathgroup4
\symAMSb=\mathgroup5
LaTeX Font Info:    Redeclaring math symbol \hbar on input line 98.
LaTeX Font Info:    Overwriting math alphabet `\mathfrak' in version `bold'
(Font)                  U/euf/m/n --> U/euf/b/n on input line 106.
) (C:\Program Files\MiKTeX\tex/latex/amsfonts\amssymb.sty
Package: amssymb 2013/01/14 v3.01 AMS font symbols
) (C:\Program Files\MiKTeX\tex/latex/graphics\graphicx.sty
Package: graphicx 2021/09/16 v1.2d Enhanced LaTeX Graphics (DPC,SPQR)
 (C:\Program Files\MiKTeX\tex/latex/graphics\keyval.sty
Package: keyval 2022/05/29 v1.15 key=value parser (DPC)
\KV@toks@=\toks24
) (C:\Program Files\MiKTeX\tex/latex/graphics\graphics.sty
Package: graphics 2022/03/10 v1.4e Standard LaTeX Graphics (DPC,SPQR)
 (C:\Program Files\MiKTeX\tex/latex/graphics\trig.sty
Package: trig 2021/08/11 v1.11 sin cos tan (DPC)
) (C:\Program Files\MiKTeX\tex/latex/graphics-cfg\graphics.cfg
File: graphics.cfg 2016/06/04 v1.11 sample graphics configuration
)
Package graphics Info: Driver file: pdftex.def on input line 107.
 (C:\Program Files\MiKTeX\tex/latex/graphics-def\pdftex.def
File: pdftex.def 2022/09/22 v1.2b Graphics/color driver for pdftex
))
\Gin@req@height=\dimen150
\Gin@req@width=\dimen151
) (C:\Program Files\MiKTeX\tex/latex/geometry\geometry.sty
Package: geometry 2020/01/02 v5.9 Page Geometry
 (C:\Program Files\MiKTeX\tex/generic/iftex\ifvtex.sty
Package: ifvtex 2019/10/25 v1.7 ifvtex legacy package. Use iftex instead.
 (C:\Program Files\MiKTeX\tex/generic/iftex\iftex.sty
Package: iftex 2022/02/03 v1.0f TeX engine tests
))
\Gm@cnth=\count273
\Gm@cntv=\count274
\c@Gm@tempcnt=\count275
\Gm@bindingoffset=\dimen152
\Gm@wd@mp=\dimen153
\Gm@odd@mp=\dimen154
\Gm@even@mp=\dimen155
\Gm@layoutwidth=\dimen156
\Gm@layoutheight=\dimen157
\Gm@layouthoffset=\dimen158
\Gm@layoutvoffset=\dimen159
\Gm@dimlist=\toks25
 (C:\Program Files\MiKTeX\tex/latex/geometry\geometry.cfg)) (C:\Users\Cyborg\AppData\Roaming\MiKTeX\tex/latex/fancyhdr\fancyhdr.sty
Package: fancyhdr 2025/02/07 v5.2 Extensive control of page headers and footers
\f@nch@headwidth=\skip53
\f@nch@offset@elh=\skip54
\f@nch@offset@erh=\skip55
\f@nch@offset@olh=\skip56
\f@nch@offset@orh=\skip57
\f@nch@offset@elf=\skip58
\f@nch@offset@erf=\skip59
\f@nch@offset@olf=\skip60
\f@nch@offset@orf=\skip61
\f@nch@height=\skip62
\f@nch@footalignment=\skip63
\f@nch@widthL=\skip64
\f@nch@widthC=\skip65
\f@nch@widthR=\skip66
\@temptokenb=\toks26
) (C:\Program Files\MiKTeX\tex/latex/listings\listings.sty
\lst@mode=\count276
\lst@gtempboxa=\box53
\lst@token=\toks27
\lst@length=\count277
\lst@currlwidth=\dimen160
\lst@column=\count278
\lst@pos=\count279
\lst@lostspace=\dimen161
\lst@width=\dimen162
\lst@newlines=\count280
\lst@lineno=\count281
\lst@maxwidth=\dimen163
 (C:\Program Files\MiKTeX\tex/latex/listings\lstmisc.sty
File: lstmisc.sty 2023/02/27 1.9 (Carsten Heinz)
\c@lstnumber=\count282
\lst@skipnumbers=\count283
\lst@framebox=\box54
) (C:\Program Files\MiKTeX\tex/latex/listings\listings.cfg
File: listings.cfg 2023/02/27 1.9 listings configuration
))
Package: listings 2023/02/27 1.9 (Carsten Heinz)
 (C:\Program Files\MiKTeX\tex/latex/xcolor\xcolor.sty
Package: xcolor 2023/11/15 v3.01 LaTeX color extensions (UK)
 (C:\Program Files\MiKTeX\tex/latex/graphics-cfg\color.cfg
File: color.cfg 2016/01/02 v1.6 sample color configuration
)
Package xcolor Info: Driver file: pdftex.def on input line 274.
 (C:\Program Files\MiKTeX\tex/latex/graphics\mathcolor.ltx)
Package xcolor Info: Model `cmy' substituted by `cmy0' on input line 1350.
Package xcolor Info: Model `hsb' substituted by `rgb' on input line 1354.
Package xcolor Info: Model `RGB' extended on input line 1366.
Package xcolor Info: Model `HTML' substituted by `rgb' on input line 1368.
Package xcolor Info: Model `Hsb' substituted by `hsb' on input line 1369.
Package xcolor Info: Model `tHsb' substituted by `hsb' on input line 1370.
Package xcolor Info: Model `HSB' substituted by `hsb' on input line 1371.
Package xcolor Info: Model `Gray' substituted by `gray' on input line 1372.
Package xcolor Info: Model `wave' substituted by `hsb' on input line 1373.
) (C:\Program Files\MiKTeX\tex/latex/float\float.sty
Package: float 2001/11/08 v1.3d Float enhancements (AL)
\c@float@type=\count284
\float@exts=\toks28
\float@box=\box55
\@float@everytoks=\toks29
\@floatcapt=\box56
) (C:\Program Files\MiKTeX\tex/latex/caption\subcaption.sty
Package: subcaption 2023/07/28 v1.6b Sub-captions (AR)
 (C:\Program Files\MiKTeX\tex/latex/caption\caption.sty
Package: caption 2023/08/05 v3.6o Customizing captions (AR)
 (C:\Program Files\MiKTeX\tex/latex/caption\caption3.sty
Package: caption3 2023/07/31 v2.4d caption3 kernel (AR)
\caption@tempdima=\dimen164
\captionmargin=\dimen165
\caption@leftmargin=\dimen166
\caption@rightmargin=\dimen167
\caption@width=\dimen168
\caption@indent=\dimen169
\caption@parindent=\dimen170
\caption@hangindent=\dimen171
Package caption Info: Standard document class detected.
)
\c@caption@flags=\count285
\c@continuedfloat=\count286
Package caption Info: float package is loaded.
Package caption Info: listings package is loaded.
)
Package caption Info: New subtype `subfigure' on input line 238.
\c@subfigure=\count287
Package caption Info: New subtype `subtable' on input line 238.
\c@subtable=\count288
) (C:\Program Files\MiKTeX\tex/latex/url\url.sty
\Urlmuskip=\muskip17
Package: url 2013/09/16  ver 3.4  Verb mode for urls, etc.
) (C:\Program Files\MiKTeX\tex/latex/listings\lstlang1.sty
File: lstlang1.sty 2023/02/27 1.9 listings language file
) (C:\Program Files\MiKTeX\tex/latex/l3backend\l3backend-pdftex.def
File: l3backend-pdftex.def 2024-01-04 L3 backend support: PDF output (pdfTeX)
\l__color_backend_stack_int=\count289
\l__pdf_internal_box=\box57
) (main.aux)
\openout1 = `main.aux'.

LaTeX Font Info:    Checking defaults for OML/cmm/m/it on input line 43.
LaTeX Font Info:    ... okay on input line 43.
LaTeX Font Info:    Checking defaults for OMS/cmsy/m/n on input line 43.
LaTeX Font Info:    ... okay on input line 43.
LaTeX Font Info:    Checking defaults for OT1/cmr/m/n on input line 43.
LaTeX Font Info:    ... okay on input line 43.
LaTeX Font Info:    Checking defaults for T1/cmr/m/n on input line 43.
LaTeX Font Info:    ... okay on input line 43.
LaTeX Font Info:    Checking defaults for TS1/cmr/m/n on input line 43.
LaTeX Font Info:    ... okay on input line 43.
LaTeX Font Info:    Checking defaults for OMX/cmex/m/n on input line 43.
LaTeX Font Info:    ... okay on input line 43.
LaTeX Font Info:    Checking defaults for U/cmr/m/n on input line 43.
LaTeX Font Info:    ... okay on input line 43.
 (C:\Program Files\MiKTeX\tex/context/base/mkii\supp-pdf.mkii
[Loading MPS to PDF converter (version 2006.09.02).]
\scratchcounter=\count290
\scratchdimen=\dimen172
\scratchbox=\box58
\nofMPsegments=\count291
\nofMParguments=\count292
\everyMPshowfont=\toks30
\MPscratchCnt=\count293
\MPscratchDim=\dimen173
\MPnumerator=\count294
\makeMPintoPDFobject=\count295
\everyMPtoPDFconversion=\toks31
) (C:\Program Files\MiKTeX\tex/latex/epstopdf-pkg\epstopdf-base.sty
Package: epstopdf-base 2020-01-24 v2.11 Base part for package epstopdf
Package epstopdf-base Info: Redefining graphics rule for `.eps' on input line 485.
 (C:\Program Files\MiKTeX\tex/latex/00miktex\epstopdf-sys.cfg
File: epstopdf-sys.cfg 2021/03/18 v2.0 Configuration of epstopdf for MiKTeX
))
*geometry* driver: auto-detecting
*geometry* detected driver: pdftex
*geometry* verbose mode - [ preamble ] result:
* driver: pdftex
* paper: a4paper
* layout: <same size as paper>
* layoutoffset:(h,v)=(0.0pt,0.0pt)
* modes: 
* h-part:(L,W,R)=(56.9055pt, 483.69687pt, 56.9055pt)
* v-part:(T,H,B)=(56.9055pt, 731.23584pt, 56.9055pt)
* \paperwidth=597.50787pt
* \paperheight=845.04684pt
* \textwidth=483.69687pt
* \textheight=731.23584pt
* \oddsidemargin=-15.36449pt
* \evensidemargin=-15.36449pt
* \topmargin=-52.36449pt
* \headheight=12.0pt
* \headsep=25.0pt
* \topskip=10.0pt
* \footskip=30.0pt
* \marginparwidth=57.0pt
* \marginparsep=11.0pt
* \columnsep=10.0pt
* \skip\footins=9.0pt plus 4.0pt minus 2.0pt
* \hoffset=0.0pt
* \voffset=0.0pt
* \mag=1000
* \@twocolumnfalse
* \@twosidefalse
* \@mparswitchfalse
* \@reversemarginfalse
* (1in=72.27pt=25.4mm, 1cm=28.453pt)

\c@lstlisting=\count296
Package caption Info: Begin \AtBeginDocument code.
Package caption Info: End \AtBeginDocument code.
<image.png, id=1, 527.9725pt x 694.595pt>
File: image.png Graphic file (type png)
<use image.png>
Package pdftex.def Info: image.png  used on input line 50.
(pdftex.def)             Requested size: 170.71652pt x 224.58545pt.
[1

{C:/Users/Cyborg/AppData/Local/MiKTeX/fonts/map/pdftex/pdftex.map} <./image.png>]
LaTeX Font Info:    Trying to load font information for U+msa on input line 66.
 (C:\Program Files\MiKTeX\tex/latex/amsfonts\umsa.fd
File: umsa.fd 2013/01/14 v3.01 AMS symbols A
)
LaTeX Font Info:    Trying to load font information for U+msb on input line 66.
 (C:\Program Files\MiKTeX\tex/latex/amsfonts\umsb.fd
File: umsb.fd 2013/01/14 v3.01 AMS symbols B
)
<task1/transformation_curve.png, id=11, 462.528pt x 346.896pt>
File: task1/transformation_curve.png Graphic file (type png)
<use task1/transformation_curve.png>
Package pdftex.def Info: task1/transformation_curve.png  used on input line 91.
(pdftex.def)             Requested size: 217.66211pt x 163.24757pt.
<task1/original.png, id=12, 722.7pt x 813.0375pt>
File: task1/original.png Graphic file (type png)
<use task1/original.png>
Package pdftex.def Info: task1/original.png  used on input line 96.
(pdftex.def)             Requested size: 120.92421pt x 136.0311pt.
<task1/transformed.png, id=13, 722.7pt x 813.0375pt>
File: task1/transformed.png Graphic file (type png)
<use task1/transformed.png>
Package pdftex.def Info: task1/transformed.png  used on input line 100.
(pdftex.def)             Requested size: 120.92421pt x 136.0311pt.
<task2/white_matter_curve.png, id=14, 462.528pt x 346.896pt>
File: task2/white_matter_curve.png Graphic file (type png)
<use task2/white_matter_curve.png>
Package pdftex.def Info: task2/white_matter_curve.png  used on input line 132.
(pdftex.def)             Requested size: 116.0899pt x 87.06784pt.
<task2/white_matter.png, id=15, 181.67876pt x 217.81375pt>
File: task2/white_matter.png Graphic file (type png)
<use task2/white_matter.png>
Package pdftex.def Info: task2/white_matter.png  used on input line 136.
(pdftex.def)             Requested size: 116.0899pt x 139.18428pt.
<task2/gray_matter_curve.png, id=16, 462.528pt x 346.896pt>
File: task2/gray_matter_curve.png Graphic file (type png)
<use task2/gray_matter_curve.png>
Package pdftex.def Info: task2/gray_matter_curve.png  used on input line 140.
(pdftex.def)             Requested size: 116.0899pt x 87.06784pt.
<task2/gray_matter.png, id=17, 181.67876pt x 217.81375pt>
File: task2/gray_matter.png Graphic file (type png)
<use task2/gray_matter.png>
Package pdftex.def Info: task2/gray_matter.png  used on input line 144.
(pdftex.def)             Requested size: 116.0899pt x 139.18428pt.
 [1 <./task1/transformation_curve.png> <./task1/original.png (PNG copy)> <./task1/transformed.png (PNG copy)>]
<task3/original_image.png, id=28, 372.9132pt x 268.6035pt>
File: task3/original_image.png Graphic file (type png)
<use task3/original_image.png>
Package pdftex.def Info: task3/original_image.png  used on input line 173.
(pdftex.def)             Requested size: 232.17242pt x 167.2292pt.
<task3/gamma_corrected_image.png, id=29, 372.9132pt x 268.6035pt>
File: task3/gamma_corrected_image.png Graphic file (type png)
<use task3/gamma_corrected_image.png>
Package pdftex.def Info: task3/gamma_corrected_image.png  used on input line 177.
(pdftex.def)             Requested size: 232.17242pt x 167.2292pt.
<task3/L_plane_histogram_original.png, id=30, 462.528pt x 346.896pt>
File: task3/L_plane_histogram_original.png Graphic file (type png)
<use task3/L_plane_histogram_original.png>
Package pdftex.def Info: task3/L_plane_histogram_original.png  used on input line 187.
(pdftex.def)             Requested size: 116.0899pt x 87.06784pt.

Underfull \hbox (badness 2698) in paragraph at lines 188--188
[]\OT1/cmr/m/n/9 (a) |L* chan-nel his-togram
 []

<task3/L_plane_histogram_corrected.png, id=31, 462.528pt x 346.896pt>
File: task3/L_plane_histogram_corrected.png Graphic file (type png)
<use task3/L_plane_histogram_corrected.png>
Package pdftex.def Info: task3/L_plane_histogram_corrected.png  used on input line 191.
(pdftex.def)             Requested size: 116.0899pt x 87.06784pt.

Underfull \hbox (badness 2409) in paragraph at lines 192--192
[]\OT1/cmr/m/n/9 (b) |L* chan-nel his-togram
 []

<task3/RGB_histogram_original.png, id=32, 462.528pt x 346.896pt>
File: task3/RGB_histogram_original.png Graphic file (type png)
<use task3/RGB_histogram_original.png>
Package pdftex.def Info: task3/RGB_histogram_original.png  used on input line 195.
(pdftex.def)             Requested size: 116.0899pt x 87.06784pt.
<task3/RGB_histogram_corrected.png, id=33, 462.528pt x 346.896pt>
File: task3/RGB_histogram_corrected.png Graphic file (type png)
<use task3/RGB_histogram_corrected.png>
Package pdftex.def Info: task3/RGB_histogram_corrected.png  used on input line 199.
(pdftex.def)             Requested size: 116.0899pt x 87.06784pt.

Underfull \hbox (badness 3375) in paragraph at lines 200--200
[]\OT1/cmr/m/n/9 (d) |RGB his-togram (cor-
 []

[2 <./task2/white_matter_curve.png> <./task2/white_matter.png (PNG copy)> <./task2/gray_matter_curve.png> <./task2/gray_matter.png (PNG copy)> <./task3/original_image.png> <./task3/gamma_corrected_image.png>]
<task4/hsv_planes.png, id=41, 867.24pt x 289.08pt>
File: task4/hsv_planes.png Graphic file (type png)
<use task4/hsv_planes.png>
Package pdftex.def Info: task4/hsv_planes.png  used on input line 235.
(pdftex.def)             Requested size: 483.69687pt x 161.23528pt.
<task4/transform_curve.png, id=42, 361.35pt x 289.08pt>
File: task4/transform_curve.png Graphic file (type png)
<use task4/transform_curve.png>
Package pdftex.def Info: task4/transform_curve.png  used on input line 240.
(pdftex.def)             Requested size: 193.47578pt x 154.78198pt.
<task4/original.png, id=43, 782.925pt x 439.6425pt>
File: task4/original.png Graphic file (type png)
<use task4/original.png>
Package pdftex.def Info: task4/original.png  used on input line 247.
(pdftex.def)             Requested size: 232.17242pt x 130.37096pt.
<task4/enhanced.png, id=44, 782.925pt x 439.6425pt>
File: task4/enhanced.png Graphic file (type png)
<use task4/enhanced.png>
Package pdftex.def Info: task4/enhanced.png  used on input line 251.
(pdftex.def)             Requested size: 232.17242pt x 130.37096pt.
 [3 <./task3/L_plane_histogram_original.png> <./task3/L_plane_histogram_corrected.png> <./task3/RGB_histogram_original.png> <./task3/RGB_histogram_corrected.png> <./task4/hsv_planes.png> <./task4/transform_curve.png>]
<task5/shells.jpg, id=54, 508.94366pt x 508.94366pt>
File: task5/shells.jpg Graphic file (type jpg)
<use task5/shells.jpg>
Package pdftex.def Info: task5/shells.jpg  used on input line 277.
(pdftex.def)             Requested size: 232.17242pt x 232.1677pt.
<task5/2_equalized_image.png, id=55, 281.3712pt x 296.5479pt>
File: task5/2_equalized_image.png Graphic file (type png)
<use task5/2_equalized_image.png>
Package pdftex.def Info: task5/2_equalized_image.png  used on input line 282.
(pdftex.def)             Requested size: 232.17242pt x 244.7048pt.
<task5/3_original_histogram.png, id=56, 425.9112pt x 327.8649pt>
File: task5/3_original_histogram.png Graphic file (type png)
<use task5/3_original_histogram.png>
Package pdftex.def Info: task5/3_original_histogram.png  used on input line 291.
(pdftex.def)             Requested size: 232.17242pt x 178.72534pt.
<task5/4_equalized_histogram.png, id=57, 425.9112pt x 327.8649pt>
File: task5/4_equalized_histogram.png Graphic file (type png)
<use task5/4_equalized_histogram.png>
Package pdftex.def Info: task5/4_equalized_histogram.png  used on input line 296.
(pdftex.def)             Requested size: 232.17242pt x 178.72534pt.
 [4 <./task4/original.png (PNG copy)> <./task4/enhanced.png (PNG copy)> <./task5/shells.jpg> <./task5/2_equalized_image.png>]
<task6/1_hsv_planes.png, id=62, 860.013pt x 184.0476pt>
File: task6/1_hsv_planes.png Graphic file (type png)
<use task6/1_hsv_planes.png>
Package pdftex.def Info: task6/1_hsv_planes.png  used on input line 343.
(pdftex.def)             Requested size: 483.69687pt x 103.51247pt.
<task6/6_histogram.png, id=63, 515.526pt x 283.2984pt>
File: task6/6_histogram.png Graphic file (type png)
<use task6/6_histogram.png>
Package pdftex.def Info: task6/6_histogram.png  used on input line 350.
(pdftex.def)             Requested size: 116.0899pt x 63.79126pt.
<task6/7_cdf.png, id=64, 499.6266pt x 283.2984pt>
File: task6/7_cdf.png Graphic file (type png)
<use task6/7_cdf.png>
Package pdftex.def Info: task6/7_cdf.png  used on input line 354.
(pdftex.def)             Requested size: 116.0899pt x 65.82297pt.
<task6/8_histogram_eq.png, id=65, 515.526pt x 283.2984pt>
File: task6/8_histogram_eq.png Graphic file (type png)
<use task6/8_histogram_eq.png>
Package pdftex.def Info: task6/8_histogram_eq.png  used on input line 358.
(pdftex.def)             Requested size: 116.0899pt x 63.79126pt.
 [5 <./task6/1_hsv_planes.png> <./task5/3_original_histogram.png> <./task5/4_equalized_histogram.png>]
<task6/2_mask.png, id=72, 372.9132pt x 231.264pt>
File: task6/2_mask.png Graphic file (type png)
<use task6/2_mask.png>
Package pdftex.def Info: task6/2_mask.png  used on input line 367.
(pdftex.def)             Requested size: 116.0899pt x 71.99457pt.
<task6/3_foreground.png, id=73, 372.9132pt x 231.264pt>
File: task6/3_foreground.png Graphic file (type png)
<use task6/3_foreground.png>
Package pdftex.def Info: task6/3_foreground.png  used on input line 371.
(pdftex.def)             Requested size: 116.0899pt x 71.99457pt.
<task6/4_original.png, id=74, 372.9132pt x 231.264pt>
File: task6/4_original.png Graphic file (type png)
<use task6/4_original.png>
Package pdftex.def Info: task6/4_original.png  used on input line 375.
(pdftex.def)             Requested size: 116.0899pt x 71.99457pt.
<task6/5_result.png, id=75, 372.9132pt x 231.264pt>
File: task6/5_result.png Graphic file (type png)
<use task6/5_result.png>
Package pdftex.def Info: task6/5_result.png  used on input line 379.
(pdftex.def)             Requested size: 116.0899pt x 71.99457pt.
<task7/sobel2D_filtered.png, id=76, 712.5822pt x 365.6862pt>
File: task7/sobel2D_filtered.png Graphic file (type png)
<use task7/sobel2D_filtered.png>
Package pdftex.def Info: task7/sobel2D_filtered.png  used on input line 394.
(pdftex.def)             Requested size: 232.17242pt x 119.14233pt.
<task7/sobel_custom_filtered.png, id=77, 712.5822pt x 365.6862pt>
File: task7/sobel_custom_filtered.png Graphic file (type png)
<use task7/sobel_custom_filtered.png>
Package pdftex.def Info: task7/sobel_custom_filtered.png  used on input line 398.
(pdftex.def)             Requested size: 232.17242pt x 119.14233pt.
<task7/sobel_combined_filtered.png, id=78, 712.5822pt x 199.2243pt>
File: task7/sobel_combined_filtered.png Graphic file (type png)
<use task7/sobel_combined_filtered.png>
Package pdftex.def Info: task7/sobel_combined_filtered.png  used on input line 406.
(pdftex.def)             Requested size: 483.69687pt x 135.23361pt.
 [6 <./task6/6_histogram.png> <./task6/7_cdf.png> <./task6/8_histogram_eq.png> <./task6/2_mask.png> <./task6/3_foreground.png> <./task6/4_original.png> <./task6/5_result.png> <./task7/sobel2D_filtered.png> <./task7/sobel_custom_filtered.png> <./task7/sobel_combined_filtered.png>]
<task8/comparison_nearest_ssd_11_90201.png, id=93, 686.3241pt x 220.4235pt>
File: task8/comparison_nearest_ssd_11_90201.png Graphic file (type png)
<use task8/comparison_nearest_ssd_11_90201.png>
Package pdftex.def Info: task8/comparison_nearest_ssd_11_90201.png  used on input line 467.
(pdftex.def)             Requested size: 232.17242pt x 74.56628pt.
<task8/comparison_nearest_ssd_31_28432.png, id=94, 686.3241pt x 201.3924pt>
File: task8/comparison_nearest_ssd_31_28432.png Graphic file (type png)
<use task8/comparison_nearest_ssd_31_28432.png>
Package pdftex.def Info: task8/comparison_nearest_ssd_31_28432.png  used on input line 472.
(pdftex.def)             Requested size: 232.17242pt x 68.12833pt.
 [7 <./task8/comparison_nearest_ssd_11_90201.png> <./task8/comparison_nearest_ssd_31_28432.png>]
<task9/q9_outputs.png, id=100, 2815.51875pt x 844.15375pt>
File: task9/q9_outputs.png Graphic file (type png)
<use task9/q9_outputs.png>
Package pdftex.def Info: task9/q9_outputs.png  used on input line 509.
(pdftex.def)             Requested size: 386.95897pt x 116.01675pt.
 [8 <./task9/q9_outputs.png (PNG copy)>] (main.aux)
 ***********
LaTeX2e <2023-11-01> patch level 1
L3 programming layer <2024-01-04>
 ***********
 ) 
Here is how much of TeX's memory you used:
 7745 strings out of 474486
 121902 string characters out of 5753567
 2090542 words of memory out of 5000000
 29976 multiletter control sequences out of 15000+600000
 562519 words of font info for 54 fonts, out of 8000000 for 9000
 1141 hyphenation exceptions out of 8191
 67i,12n,77p,437b,1852s stack positions out of 10000i,1000n,20000p,200000b,200000s
<C:/Program Files/MiKTeX/fonts/type1/public/amsfonts/cm/cmbx10.pfb><C:/Program Files/MiKTeX/fonts/type1/public/amsfonts/cm/cmbx12.pfb><C:/Program Files/MiKTeX/fonts/type1/public/amsfonts/cm/cmr10.pfb><C:/Program Files/MiKTeX/fonts/type1/public/amsfonts/cm/cmr12.pfb><C:/Program Files/MiKTeX/fonts/type1/public/amsfonts/cm/cmr17.pfb><C:/Program Files/MiKTeX/fonts/type1/public/amsfonts/cm/cmr5.pfb><C:/Program Files/MiKTeX/fonts/type1/public/amsfonts/cm/cmr9.pfb><C:/Program Files/MiKTeX/fonts/type1/public/amsfonts/cm/cmtt10.pfb><C:/Program Files/MiKTeX/fonts/type1/public/amsfonts/cm/cmtt8.pfb>
Output written on main.pdf (9 pages, 24873678 bytes).
PDF statistics:
 142 PDF objects out of 1000 (max. 8388607)
 0 named destinations out of 1000 (max. 500000)
 181 words of extra memory for PDF output out of 10000 (max. 10000000)

